<?xml version="1.0" encoding="UTF-8"?>
<!-- Generated by org.testng.reporters.JUnitReportReporter -->
<testsuite hostname="IMW42SLPC1373" name="com.mydoctor.MyDoctor1" tests="1" failures="0" timestamp="12 Feb 2018 12:04:27 GMT" time="13.015" errors="0">
  <testcase name="verify_user_able_to_click_creatDoctor_Link" time="13.015" classname="com.mydoctor.MyDoctor1"/>
</testsuite> <!-- com.mydoctor.MyDoctor1 -->
