<?xml version="1.0" encoding="UTF-8"?>
<!-- Generated by org.testng.reporters.JUnitReportReporter -->
<testsuite hostname="IMW42SLPC1373" name="com.mydoctor.MyDoctor4" tests="1" failures="0" timestamp="12 Feb 2018 07:30:56 GMT" time="2.784" errors="0">
  <testcase name="verify_user_able_to_click_changePassword_Link" time="2.784" classname="com.mydoctor.MyDoctor4"/>
</testsuite> <!-- com.mydoctor.MyDoctor4 -->
