<?xml version="1.0" encoding="UTF-8"?>
<!-- Generated by org.testng.reporters.JUnitReportReporter -->
<testsuite hostname="IMW42SLPC1373" name="com.mydoctor.MyDoctor" tests="1" failures="0" timestamp="5 Feb 2018 13:36:36 GMT" time="8.954" errors="0">
  <testcase name="verify_user_able_to_click_creatDoctor_Link" time="8.954" classname="com.mydoctor.MyDoctor"/>
</testsuite> <!-- com.mydoctor.MyDoctor -->
