<?xml version="1.0" encoding="UTF-8"?>
<!-- Generated by org.testng.reporters.JUnitReportReporter -->
<testsuite hostname="IMW42SLPC1373" name="com.mydoctor.MyDoctor3" tests="1" failures="0" timestamp="12 Feb 2018 07:30:13 GMT" time="2.715" errors="0">
  <testcase name="verify_user_able_to_click_deletePatient_Link" time="2.715" classname="com.mydoctor.MyDoctor3"/>
</testsuite> <!-- com.mydoctor.MyDoctor3 -->
