<?xml version="1.0" encoding="UTF-8"?>
<!-- Generated by org.testng.reporters.JUnitReportReporter -->
<testsuite hostname="IMW42SLPC1373" name="com.mydoctor.MyDoctor5" tests="1" failures="0" timestamp="12 Feb 2018 07:32:52 GMT" time="2.623" errors="0">
  <testcase name="verify_user_able_to_click_approveDoctors_link" time="2.623" classname="com.mydoctor.MyDoctor5"/>
</testsuite> <!-- com.mydoctor.MyDoctor5 -->
