<?xml version="1.0" encoding="UTF-8"?>
<!-- Generated by org.testng.reporters.JUnitReportReporter -->
<testsuite hostname="IMW42SLPC1373" name="com.mydoctor.MyDoctor" tests="1" failures="0" timestamp="8 Feb 2018 07:14:25 GMT" time="4.388" errors="0">
  <testcase name="verify_user_able_to_click_creatDoctor_Link" time="4.388" classname="com.mydoctor.MyDoctor"/>
</testsuite> <!-- com.mydoctor.MyDoctor -->
